[debug] > Exec(early(addDefaultCommands), None, None)
[debug] > Exec(addDefaultCommands, None, None)
[debug] > Exec(early(initialize), None, None)
[debug] > Exec(initialize, None, None)
[debug] > Exec(early(addPluginSbtFile="""C:\Users\rakhub\AppData\Local\Temp\idea.sbt"""), None, None)
[debug] > Exec(addPluginSbtFile="""C:\Users\rakhub\AppData\Local\Temp\idea.sbt""", None, None)
[debug] > Exec(boot, None, None)
[debug] > Exec(writeSbtVersion, None, None)
[debug] > Exec(reload, None, None)
[debug] > Exec(sbtStashOnFailure, None, None)
[debug] > Exec(onFailure loadFailed, None, None)
[debug] > Exec(loadp, None, None)
[info] welcome to sbt 1.4.7 (AdoptOpenJDK Java 1.8.0_282)
[debug]       Load.loadUnit: plugins took 162.7494ms
[debug]       Load.loadUnit: defsScala took 0.3108ms
[debug] [Loading] Scanning directory C:\Users\rakhub\.sbt\1.0\plugins
[debug] [Loading] Found non-root projects 
[debug] [Loading] Done in C:\Users\rakhub\.sbt\1.0\plugins, returning: ()
[debug] deducing auto plugins based on known facts Set(Atom(sbt.plugins.CorePlugin)) and clauses Clauses(List(Clause(Atom(sbt.plugins.JvmPlugin),Set(Atom(sbt.plugins.IvyPlugin))), Clause(Atom(sbt.ScriptedPlugin),Set(Atom(sbt.plugins.JvmPlugin))), Clause(Atom(sbt.plugins.SbtPlugin),Set(Atom(sbt.ScriptedPlugin))), Clause(Atom(sbt.plugins.SemanticdbPlugin),Set(Atom(sbt.plugins.JvmPlugin))), Clause(Atom(sbt.plugins.JUnitXmlReportPlugin),Set(Atom(sbt.plugins.JvmPlugin))), Clause(Atom(sbt.plugins.MiniDependencyTreePlugin),Set(Atom(sbt.plugins.JvmPlugin))), Clause(Atom(sbt.plugins.CorePlugin),Set(Atom(sbt.plugins.IvyPlugin))), Clause(Atom(sbt.plugins.IvyPlugin),Set(Atom(sbt.plugins.JvmPlugin))), Clause(Atom(sbt.plugins.JvmPlugin),Set(Atom(sbt.plugins.SemanticdbPlugin))), Clause(Atom(sbt.plugins.JvmPlugin),Set(Atom(sbt.plugins.JUnitXmlReportPlugin))), Clause(Atom(sbt.plugins.CorePlugin),Set(Atom(sbt.plugins.Giter8TemplatePlugin))), Clause(Atom(sbt.plugins.JvmPlugin),Set(Atom(sbt.plugins.MiniDependencyTreePlugin)))))
[debug]   :: deduced result: Matched(sbt.plugins.CorePlugin,sbt.plugins.Giter8TemplatePlugin,sbt.plugins.IvyPlugin,sbt.plugins.JvmPlugin,sbt.plugins.MiniDependencyTreePlugin,sbt.plugins.JUnitXmlReportPlugin,sbt.plugins.SemanticdbPlugin)
[debug] Plugins.deducer#function took 34.8956 ms
[debug]           Load.resolveProject(global-plugins) took 52.9066ms
[debug]         Load.loadTransitive: finalizeProject(Project(id global-plugins, base: C:\Users\rakhub\.sbt\1.0\plugins, plugins: List(<none>))) took 113.6215ms
[debug] [Loading] Done in C:\Users\rakhub\.sbt\1.0\plugins, returning: (global-plugins)
[debug]       Load.loadUnit: loadedProjectsRaw took 135.0051ms
[debug]       Load.loadUnit: cleanEvalClasses took 0.2729ms
[debug]     Load.loadUnit(file:/C:/Users/rakhub/.sbt/1.0/plugins/, ...) took 306.839ms
[debug]   Load.apply: load took 624.0186ms
[debug]   Load.apply: resolveProjects took 8.3558ms
[debug]   Load.apply: finalTransforms took 86.2524ms
[debug]   Load.apply: config.delegates took 10.9583ms
[debug]   Load.apply: Def.make(settings)... took 1344.1924ms
[debug]   Load.apply: structureIndex took 181.8859ms
[debug]   Load.apply: mkStreams took 2.4879ms
[info] loading global plugins from C:\Users\rakhub\.sbt\1.0\plugins
[debug] Running task... Cancel: Signal, check cycles: false, forcegc: true
[debug] Load.defaultLoad until apply took 4848.3635ms
[debug]           Load.loadUnit: plugins took 43.2043ms
[debug]           Load.loadUnit: defsScala took 0.0038ms
[debug] [Loading] Scanning directory C:\Users\rakhub\Downloads\Homeworks\11 Json\project
[debug]             Load.loadUnit: mkEval took 8.5918ms
[debug] [Loading] Found non-root projects 
[debug] [Loading] Done in C:\Users\rakhub\Downloads\Homeworks\11 Json\project, returning: ()
[debug] deducing auto plugins based on known facts Set(Atom(sbt.plugins.CorePlugin)) and clauses Clauses(List(Clause(Atom(sbt.plugins.JvmPlugin),Set(Atom(sbt.plugins.IvyPlugin))), Clause(Atom(sbt.ScriptedPlugin),Set(Atom(sbt.plugins.JvmPlugin))), Clause(Atom(sbt.plugins.SbtPlugin),Set(Atom(sbt.ScriptedPlugin))), Clause(Atom(sbt.plugins.SemanticdbPlugin),Set(Atom(sbt.plugins.JvmPlugin))), Clause(Atom(sbt.plugins.JUnitXmlReportPlugin),Set(Atom(sbt.plugins.JvmPlugin))), Clause(Atom(sbt.plugins.MiniDependencyTreePlugin),Set(Atom(sbt.plugins.JvmPlugin))), Clause(Atom(sbt.plugins.CorePlugin),Set(Atom(sbt.plugins.IvyPlugin))), Clause(Atom(sbt.plugins.IvyPlugin),Set(Atom(sbt.plugins.JvmPlugin))), Clause(Atom(sbt.plugins.JvmPlugin),Set(Atom(sbt.plugins.SemanticdbPlugin))), Clause(Atom(sbt.plugins.JvmPlugin),Set(Atom(sbt.plugins.JUnitXmlReportPlugin))), Clause(Atom(sbt.plugins.CorePlugin),Set(Atom(sbt.plugins.Giter8TemplatePlugin))), Clause(Atom(sbt.plugins.JvmPlugin),Set(Atom(sbt.plugins.MiniDependencyTreePlugin)))))
[debug]   :: deduced result: Matched(sbt.plugins.CorePlugin,sbt.plugins.Giter8TemplatePlugin,sbt.plugins.IvyPlugin,sbt.plugins.JvmPlugin,sbt.plugins.MiniDependencyTreePlugin,sbt.plugins.JUnitXmlReportPlugin,sbt.plugins.SemanticdbPlugin)
[debug] Plugins.deducer#function took 1.9515 ms
[info] loading settings for project root-11-json-build from idea.sbt ...
[debug]               Load.resolveProject(root-11-json-build) took 3.9295ms
[debug]             Load.loadTransitive: finalizeProject(Project(id root-11-json-build, base: C:\Users\rakhub\Downloads\Homeworks\11 Json\project, plugins: List(<none>))) took 6.5927ms
[debug] [Loading] Done in C:\Users\rakhub\Downloads\Homeworks\11 Json\project, returning: (root-11-json-build)
[debug]           Load.loadUnit: loadedProjectsRaw took 4449.8668ms
[debug]           Load.loadUnit: cleanEvalClasses took 7.039ms
[debug]         Load.loadUnit(file:/C:/Users/rakhub/Downloads/Homeworks/11%20Json/project/, ...) took 4501.3712ms
[debug]       Load.apply: load took 4504.3494ms
[debug]       Load.apply: resolveProjects took 0.1726ms
[debug]       Load.apply: finalTransforms took 10.0922ms
[debug]       Load.apply: config.delegates took 0.468ms
[debug]       Load.apply: Def.make(settings)... took 110.0232ms
[debug]       Load.apply: structureIndex took 36.745ms
[debug]       Load.apply: mkStreams took 0.003ms
[info] loading project definition from C:\Users\rakhub\Downloads\Homeworks\11 Json\project
[debug] Running task... Cancel: Signal, check cycles: false, forcegc: true
[debug]     Load.loadUnit: plugins took 6858.0524ms
[debug]     Load.loadUnit: defsScala took 0.0044ms
[debug] [Loading] Scanning directory C:\Users\rakhub\Downloads\Homeworks\11 Json
[debug]       Load.loadUnit: mkEval took 0.3556ms
