[debug] > Exec(early(addDefaultCommands), None, None)
[debug] > Exec(addDefaultCommands, None, None)
[debug] > Exec(early(initialize), None, None)
[debug] > Exec(initialize, None, None)
[debug] > Exec(early(addPluginSbtFile="""C:\Users\rakhub\AppData\Local\Temp\idea.sbt"""), None, None)
[debug] > Exec(addPluginSbtFile="""C:\Users\rakhub\AppData\Local\Temp\idea.sbt""", None, None)
[debug] > Exec(boot, None, None)
[debug] > Exec(writeSbtVersion, None, None)
[debug] > Exec(reload, None, None)
[debug] > Exec(sbtStashOnFailure, None, None)
[debug] > Exec(onFailure loadFailed, None, None)
[debug] > Exec(loadp, None, None)
[info] welcome to sbt 1.4.7 (AdoptOpenJDK Java 1.8.0_282)
[debug]       Load.loadUnit: plugins took 136.823ms
[debug]       Load.loadUnit: defsScala took 0.3515ms
[debug] [Loading] Scanning directory C:\Users\rakhub\.sbt\1.0\plugins
[debug] [Loading] Found non-root projects 
[debug] [Loading] Done in C:\Users\rakhub\.sbt\1.0\plugins, returning: ()
[debug] deducing auto plugins based on known facts Set(Atom(sbt.plugins.CorePlugin)) and clauses Clauses(List(Clause(Atom(sbt.plugins.JvmPlugin),Set(Atom(sbt.plugins.IvyPlugin))), Clause(Atom(sbt.ScriptedPlugin),Set(Atom(sbt.plugins.JvmPlugin))), Clause(Atom(sbt.plugins.SbtPlugin),Set(Atom(sbt.ScriptedPlugin))), Clause(Atom(sbt.plugins.SemanticdbPlugin),Set(Atom(sbt.plugins.JvmPlugin))), Clause(Atom(sbt.plugins.JUnitXmlReportPlugin),Set(Atom(sbt.plugins.JvmPlugin))), Clause(Atom(sbt.plugins.MiniDependencyTreePlugin),Set(Atom(sbt.plugins.JvmPlugin))), Clause(Atom(sbt.plugins.CorePlugin),Set(Atom(sbt.plugins.IvyPlugin))), Clause(Atom(sbt.plugins.IvyPlugin),Set(Atom(sbt.plugins.JvmPlugin))), Clause(Atom(sbt.plugins.JvmPlugin),Set(Atom(sbt.plugins.SemanticdbPlugin))), Clause(Atom(sbt.plugins.JvmPlugin),Set(Atom(sbt.plugins.JUnitXmlReportPlugin))), Clause(Atom(sbt.plugins.CorePlugin),Set(Atom(sbt.plugins.Giter8TemplatePlugin))), Clause(Atom(sbt.plugins.JvmPlugin),Set(Atom(sbt.plugins.MiniDependencyTreePlugin)))))
[debug]   :: deduced result: Matched(sbt.plugins.CorePlugin,sbt.plugins.Giter8TemplatePlugin,sbt.plugins.IvyPlugin,sbt.plugins.JvmPlugin,sbt.plugins.MiniDependencyTreePlugin,sbt.plugins.JUnitXmlReportPlugin,sbt.plugins.SemanticdbPlugin)
[debug] Plugins.deducer#function took 29.0647 ms
[debug]           Load.resolveProject(global-plugins) took 56.2531ms
[debug]         Load.loadTransitive: finalizeProject(Project(id global-plugins, base: C:\Users\rakhub\.sbt\1.0\plugins, plugins: List(<none>))) took 117.1323ms
[debug] [Loading] Done in C:\Users\rakhub\.sbt\1.0\plugins, returning: (global-plugins)
[debug]       Load.loadUnit: loadedProjectsRaw took 144.0334ms
[debug]       Load.loadUnit: cleanEvalClasses took 0.4027ms
[debug]     Load.loadUnit(file:/C:/Users/rakhub/.sbt/1.0/plugins/, ...) took 291.6316ms
[debug]   Load.apply: load took 499.4307ms
[debug]   Load.apply: resolveProjects took 7.5398ms
[debug]   Load.apply: finalTransforms took 74.5711ms
[debug]   Load.apply: config.delegates took 10.335ms
[debug]   Load.apply: Def.make(settings)... took 1906.1858ms
[debug]   Load.apply: structureIndex took 140.0681ms
[debug]   Load.apply: mkStreams took 2.019ms
[info] loading global plugins from C:\Users\rakhub\.sbt\1.0\plugins
[debug] Running task... Cancel: Signal, check cycles: false, forcegc: true
[debug] Load.defaultLoad until apply took 5065.8312ms
[debug]           Load.loadUnit: plugins took 35.7163ms
[debug]           Load.loadUnit: defsScala took 0.0028ms
[debug] [Loading] Scanning directory C:\Users\rakhub\Downloads\scala-bootcamp-master\Homework 3 control sructures\project
[debug]             Load.loadUnit: mkEval took 10.0868ms
[debug] [Loading] Found non-root projects 
[debug] [Loading] Done in C:\Users\rakhub\Downloads\scala-bootcamp-master\Homework 3 control sructures\project, returning: ()
[debug] deducing auto plugins based on known facts Set(Atom(sbt.plugins.CorePlugin)) and clauses Clauses(List(Clause(Atom(sbt.plugins.JvmPlugin),Set(Atom(sbt.plugins.IvyPlugin))), Clause(Atom(sbt.ScriptedPlugin),Set(Atom(sbt.plugins.JvmPlugin))), Clause(Atom(sbt.plugins.SbtPlugin),Set(Atom(sbt.ScriptedPlugin))), Clause(Atom(sbt.plugins.SemanticdbPlugin),Set(Atom(sbt.plugins.JvmPlugin))), Clause(Atom(sbt.plugins.JUnitXmlReportPlugin),Set(Atom(sbt.plugins.JvmPlugin))), Clause(Atom(sbt.plugins.MiniDependencyTreePlugin),Set(Atom(sbt.plugins.JvmPlugin))), Clause(Atom(sbt.plugins.CorePlugin),Set(Atom(sbt.plugins.IvyPlugin))), Clause(Atom(sbt.plugins.IvyPlugin),Set(Atom(sbt.plugins.JvmPlugin))), Clause(Atom(sbt.plugins.JvmPlugin),Set(Atom(sbt.plugins.SemanticdbPlugin))), Clause(Atom(sbt.plugins.JvmPlugin),Set(Atom(sbt.plugins.JUnitXmlReportPlugin))), Clause(Atom(sbt.plugins.CorePlugin),Set(Atom(sbt.plugins.Giter8TemplatePlugin))), Clause(Atom(sbt.plugins.JvmPlugin),Set(Atom(sbt.plugins.MiniDependencyTreePlugin)))))
[debug]   :: deduced result: Matched(sbt.plugins.CorePlugin,sbt.plugins.Giter8TemplatePlugin,sbt.plugins.IvyPlugin,sbt.plugins.JvmPlugin,sbt.plugins.MiniDependencyTreePlugin,sbt.plugins.JUnitXmlReportPlugin,sbt.plugins.SemanticdbPlugin)
[debug] Plugins.deducer#function took 2.9382 ms
[info] loading settings for project homework-3-control-sructures-build from idea.sbt ...
[debug]               Load.resolveProject(homework-3-control-sructures-build) took 4.0077ms
[debug]             Load.loadTransitive: finalizeProject(Project(id homework-3-control-sructures-build, base: C:\Users\rakhub\Downloads\scala-bootcamp-master\Homework 3 control sructures\project, plugins: List(<none>))) took 7.6597ms
[debug] [Loading] Done in C:\Users\rakhub\Downloads\scala-bootcamp-master\Homework 3 control sructures\project, returning: (homework-3-control-sructures-build)
[debug]           Load.loadUnit: loadedProjectsRaw took 2843.5506ms
[debug]           Load.loadUnit: cleanEvalClasses took 5.1701ms
[debug]         Load.loadUnit(file:/C:/Users/rakhub/Downloads/scala-bootcamp-master/Homework%203%20control%20sructures/project/, ...) took 2885.6219ms
[debug]       Load.apply: load took 2887.9767ms
[debug]       Load.apply: resolveProjects took 0.1552ms
[debug]       Load.apply: finalTransforms took 10.5126ms
[debug]       Load.apply: config.delegates took 0.4527ms
[debug]       Load.apply: Def.make(settings)... took 136.3852ms
[debug]       Load.apply: structureIndex took 41.1289ms
[debug]       Load.apply: mkStreams took 0.0029ms
[info] loading project definition from C:\Users\rakhub\Downloads\scala-bootcamp-master\Homework 3 control sructures\project
[debug] Running task... Cancel: Signal, check cycles: false, forcegc: true
[debug]     Load.loadUnit: plugins took 5023.8202ms
[debug]     Load.loadUnit: defsScala took 0.0026ms
[debug] [Loading] Scanning directory C:\Users\rakhub\Downloads\scala-bootcamp-master\Homework 3 control sructures
[debug]       Load.loadUnit: mkEval took 0.3037ms
[debug] [Loading] Found non-root projects 
[debug] [Loading] Done in C:\Users\rakhub\Downloads\scala-bootcamp-master\Homework 3 control sructures, returning: ()
[debug] deducing auto plugins based on known facts Set(Atom(sbt.plugins.CorePlugin)) and clauses Clauses(List(Clause(Atom(sbt.plugins.JvmPlugin),Set(Atom(sbt.plugins.IvyPlugin))), Clause(Atom(sbt.ScriptedPlugin),Set(Atom(sbt.plugins.JvmPlugin))), Clause(Atom(sbt.plugins.SbtPlugin),Set(Atom(sbt.ScriptedPlugin))), Clause(Atom(sbt.plugins.SemanticdbPlugin),Set(Atom(sbt.plugins.JvmPlugin))), Clause(Atom(sbt.plugins.JUnitXmlReportPlugin),Set(Atom(sbt.plugins.JvmPlugin))), Clause(Atom(sbt.plugins.MiniDependencyTreePlugin),Set(Atom(sbt.plugins.JvmPlugin))), Clause(Atom(org.jetbrains.sbt.StructurePlugin),Set(Atom(sbt.plugins.JvmPlugin))), Clause(Atom(org.jetbrains.sbt.IdeaShellPlugin),Set(Atom(sbt.plugins.JvmPlugin))), Clause(Atom(org.jetbrains.sbt.indices.SbtIntellijIndicesPlugin),Set(Atom(sbt.plugins.JvmPlugin))), Clause(Atom(sbt.plugins.CorePlugin),Set(Atom(sbt.plugins.IvyPlugin))), Clause(Atom(sbt.plugins.IvyPlugin),Set(Atom(sbt.plugins.JvmPlugin))), Clause(Atom(sbt.plugins.JvmPlugin),Set(Atom(sbt.plugins.SemanticdbPlugin))), Clause(Atom(sbt.plugins.JvmPlugin),Set(Atom(sbt.plugins.JUnitXmlReportPlugin))), Clause(Atom(sbt.plugins.CorePlugin),Set(Atom(sbt.plugins.Giter8TemplatePlugin))), Clause(Atom(sbt.plugins.JvmPlugin),Set(Atom(sbt.plugins.MiniDependencyTreePlugin))), Clause(Atom(sbt.plugins.JvmPlugin),Set(Atom(org.jetbrains.sbt.StructurePlugin))), Clause(Atom(sbt.plugins.JvmPlugin),Set(Atom(org.jetbrains.sbt.IdeaShellPlugin))), Clause(And(Set(Atom(sbt.plugins.CorePlugin), Atom(sbt.plugins.JvmPlugin))),Set(Atom(org.jetbrains.sbt.indices.SbtIntellijIndicesPlugin)))))
[debug]   :: deduced result: Matched(sbt.plugins.CorePlugin,sbt.plugins.Giter8TemplatePlugin,sbt.plugins.IvyPlugin,sbt.plugins.JvmPlugin,sbt.plugins.SemanticdbPlugin,org.jetbrains.sbt.indices.SbtIntellijIndicesPlugin,sbt.plugins.JUnitXmlReportPlugin,org.jetbrains.sbt.IdeaShellPlugin,org.jetbrains.sbt.StructurePlugin,sbt.plugins.MiniDependencyTreePlugin)
[debug] Plugins.deducer#function took 3.2449 ms
[info] loading settings for project homework-3-control-sructures from build.sbt ...
[debug]         Load.resolveProject(homework-3-control-sructures) took 47.8938ms
[debug]       Load.loadTransitive: finalizeProject(Project(id homework-3-control-sructures, base: C:\Users\rakhub\Downloads\scala-bootcamp-master\Homework 3 control sructures, plugins: List(<none>))) took 52.9666ms
[debug] [Loading] Done in C:\Users\rakhub\Downloads\scala-bootcamp-master\Homework 3 control sructures, returning: (homework-3-control-sructures)
[debug]     Load.loadUnit: loadedProjectsRaw took 1250.9335ms
[debug]     Load.loadUnit: cleanEvalClasses took 11.2448ms
[debug]   Load.loadUnit(file:/C:/Users/rakhub/Downloads/scala-bootcamp-master/Homework%203%20control%20sructures/, ...) took 6286.6378ms
[debug] Load.apply: load took 6289.0235ms
[debug] Load.apply: resolveProjects took 0.1768ms
[debug] Load.apply: finalTransforms took 33.4662ms
[debug] Load.apply: config.delegates took 0.3527ms
[debug] Load.apply: Def.make(settings)... took 130.9777ms
[debug] Load.apply: structureIndex took 29.8372ms
[debug] Load.apply: mkStreams took 0.0032ms
[info] set current project to Homework 3 control sructures (in build file:/C:/Users/rakhub/Downloads/scala-bootcamp-master/Homework%203%20control%20sructures/)
[debug] > Exec(sbtPopOnFailure, None, None)
[debug] > Exec(resumeFromFailure, None, None)
[debug] > Exec(notifyUsersAboutShell, None, None)
[debug] > Exec(iflast shell, None, None)
[debug] > Exec(; set ideaPort in Global := 51972 ; idea-shell, None, None)
[debug] > Exec(set ideaPort in Global := 51972, None, None)
[info] Defining Global / ideaPort
[info] The new value will be used by Compile / compile, Test / compile
[debug] Defining 
[debug] 	Global / ideaPort
[debug] 
[debug] The new value will be used by 
[debug] 	Compile / compile
[debug] 	Test / compile
[info] Reapplying settings...
[info] set current project to Homework 3 control sructures (in build file:/C:/Users/rakhub/Downloads/scala-bootcamp-master/Homework%203%20control%20sructures/)
[debug] > Exec(idea-shell, None, None)
