[debug] > Exec(early(addDefaultCommands), None, None)
[debug] > Exec(addDefaultCommands, None, None)
[debug] > Exec(early(initialize), None, None)
[debug] > Exec(initialize, None, None)
[debug] > Exec(early(addPluginSbtFile="""C:\Users\Slava_t47\AppData\Local\Temp\idea.sbt"""), None, None)
[debug] > Exec(addPluginSbtFile="""C:\Users\Slava_t47\AppData\Local\Temp\idea.sbt""", None, None)
[debug] > Exec(boot, None, None)
[debug] > Exec(writeSbtVersion, None, None)
[debug] > Exec(reload, None, None)
[debug] > Exec(sbtStashOnFailure, None, None)
[debug] > Exec(onFailure loadFailed, None, None)
[debug] > Exec(loadp, None, None)
[info] welcome to sbt 1.4.7 (AdoptOpenJDK Java 1.8.0_282)
[debug]       Load.loadUnit: plugins took 162.135184ms
[debug]       Load.loadUnit: defsScala took 0.752335ms
[debug] [Loading] Scanning directory C:\Users\Slava_t47\.sbt\1.0\plugins
[debug] [Loading] Found non-root projects 
[debug] [Loading] Done in C:\Users\Slava_t47\.sbt\1.0\plugins, returning: ()
[debug] deducing auto plugins based on known facts Set(Atom(sbt.plugins.CorePlugin)) and clauses Clauses(List(Clause(Atom(sbt.plugins.JvmPlugin),Set(Atom(sbt.plugins.IvyPlugin))), Clause(Atom(sbt.ScriptedPlugin),Set(Atom(sbt.plugins.JvmPlugin))), Clause(Atom(sbt.plugins.SbtPlugin),Set(Atom(sbt.ScriptedPlugin))), Clause(Atom(sbt.plugins.SemanticdbPlugin),Set(Atom(sbt.plugins.JvmPlugin))), Clause(Atom(sbt.plugins.JUnitXmlReportPlugin),Set(Atom(sbt.plugins.JvmPlugin))), Clause(Atom(sbt.plugins.MiniDependencyTreePlugin),Set(Atom(sbt.plugins.JvmPlugin))), Clause(Atom(sbt.plugins.CorePlugin),Set(Atom(sbt.plugins.IvyPlugin))), Clause(Atom(sbt.plugins.IvyPlugin),Set(Atom(sbt.plugins.JvmPlugin))), Clause(Atom(sbt.plugins.JvmPlugin),Set(Atom(sbt.plugins.SemanticdbPlugin))), Clause(Atom(sbt.plugins.JvmPlugin),Set(Atom(sbt.plugins.JUnitXmlReportPlugin))), Clause(Atom(sbt.plugins.CorePlugin),Set(Atom(sbt.plugins.Giter8TemplatePlugin))), Clause(Atom(sbt.plugins.JvmPlugin),Set(Atom(sbt.plugins.MiniDependencyTreePlugin)))))
[debug]   :: deduced result: Matched(sbt.plugins.CorePlugin,sbt.plugins.Giter8TemplatePlugin,sbt.plugins.IvyPlugin,sbt.plugins.JvmPlugin,sbt.plugins.MiniDependencyTreePlugin,sbt.plugins.JUnitXmlReportPlugin,sbt.plugins.SemanticdbPlugin)
[debug] Plugins.deducer#function took 35.860377 ms
[debug]           Load.resolveProject(global-plugins) took 80.807219ms
[debug]         Load.loadTransitive: finalizeProject(Project(id global-plugins, base: C:\Users\Slava_t47\.sbt\1.0\plugins, plugins: List(<none>))) took 157.931304ms
[debug] [Loading] Done in C:\Users\Slava_t47\.sbt\1.0\plugins, returning: (global-plugins)
[debug]       Load.loadUnit: loadedProjectsRaw took 189.075535ms
[debug]       Load.loadUnit: cleanEvalClasses took 0.492185ms
[debug]     Load.loadUnit(file:/C:/Users/Slava_t47/.sbt/1.0/plugins/, ...) took 364.597004ms
[debug]   Load.apply: load took 610.29752ms
[debug]   Load.apply: resolveProjects took 13.764237ms
[debug]   Load.apply: finalTransforms took 159.561361ms
[debug]   Load.apply: config.delegates took 20.443771ms
[debug]   Load.apply: Def.make(settings)... took 1607.976707ms
[debug]   Load.apply: structureIndex took 255.269353ms
[debug]   Load.apply: mkStreams took 3.927221ms
[info] loading global plugins from C:\Users\Slava_t47\.sbt\1.0\plugins
[debug] Running task... Cancel: Signal, check cycles: false, forcegc: true
[debug] Load.defaultLoad until apply took 5631.32986ms
[debug]           Load.loadUnit: plugins took 39.957609ms
[debug]           Load.loadUnit: defsScala took 0.004908ms
[debug] [Loading] Scanning directory C:\Users\Slava_t47\Downloads\scala-bootcamp-master\Homework 6 Plagin\project
[debug]             Load.loadUnit: mkEval took 16.911458ms
[debug] [Loading] Found non-root projects 
[debug] [Loading] Done in C:\Users\Slava_t47\Downloads\scala-bootcamp-master\Homework 6 Plagin\project, returning: ()
[debug] deducing auto plugins based on known facts Set(Atom(sbt.plugins.CorePlugin)) and clauses Clauses(List(Clause(Atom(sbt.plugins.JvmPlugin),Set(Atom(sbt.plugins.IvyPlugin))), Clause(Atom(sbt.ScriptedPlugin),Set(Atom(sbt.plugins.JvmPlugin))), Clause(Atom(sbt.plugins.SbtPlugin),Set(Atom(sbt.ScriptedPlugin))), Clause(Atom(sbt.plugins.SemanticdbPlugin),Set(Atom(sbt.plugins.JvmPlugin))), Clause(Atom(sbt.plugins.JUnitXmlReportPlugin),Set(Atom(sbt.plugins.JvmPlugin))), Clause(Atom(sbt.plugins.MiniDependencyTreePlugin),Set(Atom(sbt.plugins.JvmPlugin))), Clause(Atom(sbt.plugins.CorePlugin),Set(Atom(sbt.plugins.IvyPlugin))), Clause(Atom(sbt.plugins.IvyPlugin),Set(Atom(sbt.plugins.JvmPlugin))), Clause(Atom(sbt.plugins.JvmPlugin),Set(Atom(sbt.plugins.SemanticdbPlugin))), Clause(Atom(sbt.plugins.JvmPlugin),Set(Atom(sbt.plugins.JUnitXmlReportPlugin))), Clause(Atom(sbt.plugins.CorePlugin),Set(Atom(sbt.plugins.Giter8TemplatePlugin))), Clause(Atom(sbt.plugins.JvmPlugin),Set(Atom(sbt.plugins.MiniDependencyTreePlugin)))))
[debug]   :: deduced result: Matched(sbt.plugins.CorePlugin,sbt.plugins.Giter8TemplatePlugin,sbt.plugins.IvyPlugin,sbt.plugins.JvmPlugin,sbt.plugins.MiniDependencyTreePlugin,sbt.plugins.JUnitXmlReportPlugin,sbt.plugins.SemanticdbPlugin)
[debug] Plugins.deducer#function took 4.467599 ms
[info] loading settings for project homework-6-plagin-build from idea.sbt ...
[debug]               Load.resolveProject(homework-6-plagin-build) took 5.31007ms
[debug]             Load.loadTransitive: finalizeProject(Project(id homework-6-plagin-build, base: C:\Users\Slava_t47\Downloads\scala-bootcamp-master\Homework 6 Plagin\project, plugins: List(<none>))) took 10.942315ms
[debug] [Loading] Done in C:\Users\Slava_t47\Downloads\scala-bootcamp-master\Homework 6 Plagin\project, returning: (homework-6-plagin-build)
[debug]           Load.loadUnit: loadedProjectsRaw took 4406.821878ms
[debug]           Load.loadUnit: cleanEvalClasses took 8.164121ms
[debug]         Load.loadUnit(file:/C:/Users/Slava_t47/Downloads/scala-bootcamp-master/Homework%206%20Plagin/project/, ...) took 4456.559387ms
[debug]       Load.apply: load took 4459.120268ms
[debug]       Load.apply: resolveProjects took 0.197231ms
[debug]       Load.apply: finalTransforms took 18.430851ms
[debug]       Load.apply: config.delegates took 0.652826ms
[debug]       Load.apply: Def.make(settings)... took 155.698843ms
[debug]       Load.apply: structureIndex took 58.29877ms
[debug]       Load.apply: mkStreams took 0.003124ms
[info] loading project definition from C:\Users\Slava_t47\Downloads\scala-bootcamp-master\Homework 6 Plagin\project
[debug] Running task... Cancel: Signal, check cycles: false, forcegc: true
[debug]     Load.loadUnit: plugins took 6981.702123ms
[debug]     Load.loadUnit: defsScala took 0.004909ms
[debug] [Loading] Scanning directory C:\Users\Slava_t47\Downloads\scala-bootcamp-master\Homework 6 Plagin
[debug]       Load.loadUnit: mkEval took 0.294062ms
[debug] [Loading] Found root project root w/ remaining 
[debug] deducing auto plugins based on known facts Set(Atom(sbt.plugins.CorePlugin)) and clauses Clauses(List(Clause(Atom(sbt.plugins.JvmPlugin),Set(Atom(sbt.plugins.IvyPlugin))), Clause(Atom(sbt.ScriptedPlugin),Set(Atom(sbt.plugins.JvmPlugin))), Clause(Atom(sbt.plugins.SbtPlugin),Set(Atom(sbt.ScriptedPlugin))), Clause(Atom(sbt.plugins.SemanticdbPlugin),Set(Atom(sbt.plugins.JvmPlugin))), Clause(Atom(sbt.plugins.JUnitXmlReportPlugin),Set(Atom(sbt.plugins.JvmPlugin))), Clause(Atom(sbt.plugins.MiniDependencyTreePlugin),Set(Atom(sbt.plugins.JvmPlugin))), Clause(Atom(org.jetbrains.sbt.StructurePlugin),Set(Atom(sbt.plugins.JvmPlugin))), Clause(Atom(org.jetbrains.sbt.IdeaShellPlugin),Set(Atom(sbt.plugins.JvmPlugin))), Clause(Atom(org.jetbrains.sbt.indices.SbtIntellijIndicesPlugin),Set(Atom(sbt.plugins.JvmPlugin))), Clause(Atom(sbt.plugins.CorePlugin),Set(Atom(sbt.plugins.IvyPlugin))), Clause(Atom(sbt.plugins.IvyPlugin),Set(Atom(sbt.plugins.JvmPlugin))), Clause(Atom(sbt.plugins.JvmPlugin),Set(Atom(sbt.plugins.SemanticdbPlugin))), Clause(Atom(sbt.plugins.JvmPlugin),Set(Atom(sbt.plugins.JUnitXmlReportPlugin))), Clause(Atom(sbt.plugins.CorePlugin),Set(Atom(sbt.plugins.Giter8TemplatePlugin))), Clause(Atom(sbt.plugins.JvmPlugin),Set(Atom(sbt.plugins.MiniDependencyTreePlugin))), Clause(Atom(sbt.plugins.JvmPlugin),Set(Atom(org.jetbrains.sbt.StructurePlugin))), Clause(Atom(sbt.plugins.JvmPlugin),Set(Atom(org.jetbrains.sbt.IdeaShellPlugin))), Clause(And(Set(Atom(sbt.plugins.CorePlugin), Atom(sbt.plugins.JvmPlugin))),Set(Atom(org.jetbrains.sbt.indices.SbtIntellijIndicesPlugin)))))
[debug]   :: deduced result: Matched(sbt.plugins.CorePlugin,sbt.plugins.Giter8TemplatePlugin,sbt.plugins.IvyPlugin,sbt.plugins.JvmPlugin,sbt.plugins.SemanticdbPlugin,org.jetbrains.sbt.indices.SbtIntellijIndicesPlugin,sbt.plugins.JUnitXmlReportPlugin,org.jetbrains.sbt.IdeaShellPlugin,org.jetbrains.sbt.StructurePlugin,sbt.plugins.MiniDependencyTreePlugin)
[debug] Plugins.deducer#function took 3.798262 ms
[info] loading settings for project root from build.sbt ...
[debug]         Load.resolveProject(root) took 58.828438ms
[debug]       Load.loadTransitive: finalizeProject(Project(id root, base: C:\Users\Slava_t47\Downloads\scala-bootcamp-master\Homework 6 Plagin, plugins: List(<none>))) took 65.604355ms
[debug] [Loading] Done in C:\Users\Slava_t47\Downloads\scala-bootcamp-master\Homework 6 Plagin, returning: (root)
[debug]     Load.loadUnit: loadedProjectsRaw took 3928.03784ms
[debug]     Load.loadUnit: cleanEvalClasses took 17.162682ms
[debug]   Load.loadUnit(file:/C:/Users/Slava_t47/Downloads/scala-bootcamp-master/Homework%206%20Plagin/, ...) took 10928.114144ms
[debug] Load.apply: load took 10930.608538ms
[debug] Load.apply: resolveProjects took 0.194107ms
[debug] Load.apply: finalTransforms took 35.579701ms
[debug] Load.apply: config.delegates took 0.586339ms
[debug] Load.apply: Def.make(settings)... took 139.578541ms
[debug] Load.apply: structureIndex took 58.531699ms
[debug] Load.apply: mkStreams took 0.003123ms
[info] set current project to Homework 6 Plagin (in build file:/C:/Users/Slava_t47/Downloads/scala-bootcamp-master/Homework%206%20Plagin/)
[debug] > Exec(sbtPopOnFailure, None, None)
[debug] > Exec(resumeFromFailure, None, None)
[debug] > Exec(notifyUsersAboutShell, None, None)
[debug] > Exec(iflast shell, None, None)
[debug] > Exec(; set ideaPort in Global := 50520 ; idea-shell, None, None)
[debug] > Exec(set ideaPort in Global := 50520, None, None)
[info] Defining Global / ideaPort
[info] The new value will be used by Compile / compile, Test / compile
[debug] Defining 
[debug] 	Global / ideaPort
[debug] 
[debug] The new value will be used by 
[debug] 	Compile / compile
[debug] 	Test / compile
[info] Reapplying settings...
[info] set current project to Homework 6 Plagin (in build file:/C:/Users/Slava_t47/Downloads/scala-bootcamp-master/Homework%206%20Plagin/)
[debug] > Exec(idea-shell, None, None)
